<?xml version="1.0" encoding="UTF-8"?>
<!-- Generated by org.testng.reporters.JUnitXMLReporter -->
<testsuite ignored="6" hostname="DESKTOP-1N5RRAI" failures="0" tests="7" name="Regression Suite Test" time="17.926" errors="0" timestamp="2022-05-04T17:42:14 EET">
  <testcase classname="tests.ChangeCurrencyTest" name="UserCanChangeCurrencyOfProduct" time="1.532"/>
  <testcase classname="tests.ChangeCurrencyTest" name="UserCanSearchWithAutoComplete" time="3.158"/>
  <testcase classname="tests.UserRegistrationTestWithDDTAndJavaFaker" name="UserCanRegisterSuccessfully" time="3.416"/>
  <testcase classname="tests.UserRegistrationTestWithDDTAndJavaFaker" name="RegisteredUserCanLogout" time="1.3"/>
  <testcase classname="tests.UserRegistrationTestWithDDTAndJavaFaker" name="RergisteredUserCanLogin" time="2.652"/>
  <testcase classname="tests.ProductHoverMenuTest" name="UserCanSelectSubCategoryFromMainMenu" time="2.381"/>
  <testcase classname="tests.SearchProductTest" name="UserCanSearchForProducts" time="2.709"/>
  <testcase classname="tests.TestBase" name="@AfterSuite stopDriver" time="0.0">
    <ignored/>
  </testcase> <!-- @AfterSuite stopDriver -->
  <testcase classname="tests.TestBase" name="@BeforeSuite startDriver" time="0.0">
    <ignored/>
  </testcase> <!-- @BeforeSuite startDriver -->
  <testcase classname="tests.TestBase" name="@BeforeSuite startDriver" time="0.0">
    <ignored/>
  </testcase> <!-- @BeforeSuite startDriver -->
  <testcase classname="tests.TestBase" name="@BeforeSuite startDriver" time="0.0">
    <ignored/>
  </testcase> <!-- @BeforeSuite startDriver -->
  <testcase classname="tests.TestBase" name="@AfterSuite stopDriver" time="0.0">
    <ignored/>
  </testcase> <!-- @AfterSuite stopDriver -->
  <testcase classname="tests.TestBase" name="@AfterSuite stopDriver" time="0.0">
    <ignored/>
  </testcase> <!-- @AfterSuite stopDriver -->
</testsuite> <!-- Regression Suite Test -->
